<?xml version="1.0" encoding="UTF-8"?>
<testsuite name="hexlet.code.DifferTest" tests="8" skipped="0" failures="0" errors="0" timestamp="2024-03-27T08:32:11" hostname="KAS2" time="0.852">
  <properties/>
  <testcase name="generateYamlToStylish()" classname="hexlet.code.DifferTest" time="0.745"/>
  <testcase name="generateYamlToJson()" classname="hexlet.code.DifferTest" time="0.051"/>
  <testcase name="generateJsonToDefault()" classname="hexlet.code.DifferTest" time="0.008"/>
  <testcase name="generateJsonToJson()" classname="hexlet.code.DifferTest" time="0.01"/>
  <testcase name="generateYamlToPlain()" classname="hexlet.code.DifferTest" time="0.012"/>
  <testcase name="generateJsonToStylish()" classname="hexlet.code.DifferTest" time="0.007"/>
  <testcase name="generateYamlToDefault()" classname="hexlet.code.DifferTest" time="0.005"/>
  <testcase name="generateJsonToPlain()" classname="hexlet.code.DifferTest" time="0.005"/>
  <system-out><![CDATA[]]></system-out>
  <system-err><![CDATA[]]></system-err>
</testsuite>
